ERROR - 2024-02-06 13:53:19 --> Error connecting to the database: mysqli_sql_exception: No connection could be made because the target machine actively refused it in C:\xampp\htdocs\testApp - Copy\vendor\codeigniter4\framework\system\Database\MySQLi\Connection.php:185
Stack trace:
#0 C:\xampp\htdocs\testApp - Copy\vendor\codeigniter4\framework\system\Database\MySQLi\Connection.php(185): mysqli->real_connect('localhost', 'root', '', 'testapp', 3306, '', 0)
#1 C:\xampp\htdocs\testApp - Copy\vendor\codeigniter4\framework\system\Database\BaseConnection.php(392): CodeIgniter\Database\MySQLi\Connection->connect(false)
#2 C:\xampp\htdocs\testApp - Copy\vendor\codeigniter4\framework\system\Database\BaseConnection.php(575): CodeIgniter\Database\BaseConnection->initialize()
#3 C:\xampp\htdocs\testApp - Copy\vendor\codeigniter4\framework\system\Database\BaseBuilder.php(1616): CodeIgniter\Database\BaseConnection->query('SELECT *\nFROM `...', Array, false)
#4 C:\xampp\htdocs\testApp - Copy\app\Models\CommonModel.php(10): CodeIgniter\Database\BaseBuilder->get()
#5 C:\xampp\htdocs\testApp - Copy\app\Controllers\Home.php(13): App\Models\CommonModel->selectRecord('merged')
#6 C:\xampp\htdocs\testApp - Copy\vendor\codeigniter4\framework\system\CodeIgniter.php(941): App\Controllers\Home->index()
#7 C:\xampp\htdocs\testApp - Copy\vendor\codeigniter4\framework\system\CodeIgniter.php(502): CodeIgniter\CodeIgniter->runController(Object(App\Controllers\Home))
#8 C:\xampp\htdocs\testApp - Copy\vendor\codeigniter4\framework\system\CodeIgniter.php(361): CodeIgniter\CodeIgniter->handleRequest(NULL, Object(Config\Cache), false)
#9 C:\xampp\htdocs\testApp - Copy\public\index.php(80): CodeIgniter\CodeIgniter->run()
#10 C:\xampp\htdocs\testApp - Copy\vendor\codeigniter4\framework\system\Commands\Server\rewrite.php(47): require_once('C:\\xampp\\htdocs...')
#11 {main}

Next CodeIgniter\Database\Exceptions\DatabaseException: No connection could be made because the target machine actively refused it in C:\xampp\htdocs\testApp - Copy\vendor\codeigniter4\framework\system\Database\MySQLi\Connection.php:229
Stack trace:
#0 C:\xampp\htdocs\testApp - Copy\vendor\codeigniter4\framework\system\Database\BaseConnection.php(392): CodeIgniter\Database\MySQLi\Connection->connect(false)
#1 C:\xampp\htdocs\testApp - Copy\vendor\codeigniter4\framework\system\Database\BaseConnection.php(575): CodeIgniter\Database\BaseConnection->initialize()
#2 C:\xampp\htdocs\testApp - Copy\vendor\codeigniter4\framework\system\Database\BaseBuilder.php(1616): CodeIgniter\Database\BaseConnection->query('SELECT *\nFROM `...', Array, false)
#3 C:\xampp\htdocs\testApp - Copy\app\Models\CommonModel.php(10): CodeIgniter\Database\BaseBuilder->get()
#4 C:\xampp\htdocs\testApp - Copy\app\Controllers\Home.php(13): App\Models\CommonModel->selectRecord('merged')
#5 C:\xampp\htdocs\testApp - Copy\vendor\codeigniter4\framework\system\CodeIgniter.php(941): App\Controllers\Home->index()
#6 C:\xampp\htdocs\testApp - Copy\vendor\codeigniter4\framework\system\CodeIgniter.php(502): CodeIgniter\CodeIgniter->runController(Object(App\Controllers\Home))
#7 C:\xampp\htdocs\testApp - Copy\vendor\codeigniter4\framework\system\CodeIgniter.php(361): CodeIgniter\CodeIgniter->handleRequest(NULL, Object(Config\Cache), false)
#8 C:\xampp\htdocs\testApp - Copy\public\index.php(80): CodeIgniter\CodeIgniter->run()
#9 C:\xampp\htdocs\testApp - Copy\vendor\codeigniter4\framework\system\Commands\Server\rewrite.php(47): require_once('C:\\xampp\\htdocs...')
#10 {main}
CRITICAL - 2024-02-06 13:53:19 --> CodeIgniter\Database\Exceptions\DatabaseException: Unable to connect to the database.
Main connection [MySQLi]: No connection could be made because the target machine actively refused it
in SYSTEMPATH\Database\BaseConnection.php on line 428.
 1 SYSTEMPATH\Database\BaseConnection.php(575): CodeIgniter\Database\BaseConnection->initialize()
 2 SYSTEMPATH\Database\BaseBuilder.php(1616): CodeIgniter\Database\BaseConnection->query('SELECT *
FROM `merged`', [], false)
 3 APPPATH\Models\CommonModel.php(10): CodeIgniter\Database\BaseBuilder->get()
 4 APPPATH\Controllers\Home.php(13): App\Models\CommonModel->selectRecord('merged')
 5 SYSTEMPATH\CodeIgniter.php(941): App\Controllers\Home->index()
 6 SYSTEMPATH\CodeIgniter.php(502): CodeIgniter\CodeIgniter->runController(Object(App\Controllers\Home))
 7 SYSTEMPATH\CodeIgniter.php(361): CodeIgniter\CodeIgniter->handleRequest(null, Object(Config\Cache), false)
 8 FCPATH\index.php(80): CodeIgniter\CodeIgniter->run()
 9 SYSTEMPATH\Commands\Server\rewrite.php(47): require_once('C:\\xampp\\htdocs\\testApp - Copy\\public\\index.php')
